Thu, Mar 20, 2025 11:00:23 PM: 
 tests:  0|5
total_score: 0/70
3f6cb15
Fri, Mar 21, 2025  2:16:29 AM: 
 tests:  0|5
total_score: 0/70
d9e98a8
Fri, Mar 21, 2025 10:11:16 AM: 
 tests:  1|4
total_score: 10/70
305b538
Fri, Mar 21, 2025 10:16:42 AM: 
 tests:  0|5
total_score: 0/70
a2afb8a
Fri, Mar 21, 2025 10:19:14 AM: 
 exercises.c | 10 +++++++++-
 1 file changed, 9 insertions(+), 1 deletion(-)
In file included from test.c:5:0:
exercises.c: In function 'copia_pila':
exercises.c:81:15: error: assignment makes pointer from integer without a cast [-Werror=int-conversion]
    while(dato = pop(P1) != NULL){
               ^
exercises.c:81:4: error: suggest parentheses around assignment used as truth value [-Werror=parentheses]
    while(dato = pop(P1) != NULL){
    ^~~~~
exercises.c:84:15: error: assignment makes pointer from integer without a cast [-Werror=int-conversion]
    while(dato = pop(pila_aux)!= NULL){
               ^
exercises.c:84:4: error: suggest parentheses around assignment used as truth value [-Werror=parentheses]
    while(dato = pop(pila_aux)!= NULL){
    ^~~~~
cc1.exe: all warnings being treated as errors
Compilation failed
32d1490
Fri, Mar 21, 2025 10:26:20 AM: 
 exercises.c | 15 ++++++++++-----
 1 file changed, 10 insertions(+), 5 deletions(-)
In file included from test.c:5:0:
exercises.c: In function 'crea_lista':
exercises.c:46:33: error: expected expression before ')' token
    for(size_t i = 1; i <= 10; ++){
                                 ^
exercises.c:48:7: error: unknown type name 'num'
       num* = i;
       ^~~
exercises.c:48:12: error: expected identifier or '(' before '=' token
       num* = i;
            ^
exercises.c:49:18: error: 'num' undeclared (first use in this function)
       pushBack(L,num);
                  ^~~
exercises.c:49:18: note: each undeclared identifier is reported only once for each function it appears in
Compilation failed
25e24cb
Fri, Mar 21, 2025 10:28:37 AM: 
 exercises.c | 2 +-
 1 file changed, 1 insertion(+), 1 deletion(-)
In file included from test.c:5:0:
exercises.c: In function 'crea_lista':
exercises.c:48:12: error: expected expression before '=' token
       num* = i;
            ^
Compilation failed
5d4ab0b
Fri, Mar 21, 2025 10:29:17 AM: 
 exercises.c | 2 +-
 1 file changed, 1 insertion(+), 1 deletion(-)
 tests:  2|3
total_score: 20/70
e8bf23d
Fri, Mar 21, 2025 11:28:17 AM: 
 exercises.c | 9 +++++++++
 1 file changed, 9 insertions(+)
In file included from test.c:5:0:
exercises.c: In function 'create_stack':
exercises.c:103:4: error: expected declaration specifiers before 'for'
    for(size_t i = 0; cadena[i] !='\n'; i++){
    ^~~
exercises.c:103:22: error: expected declaration specifiers before 'cadena'
    for(size_t i = 0; cadena[i] !='\n'; i++){
                      ^~~~~~
exercises.c:103:40: error: expected declaration specifiers before 'i'
    for(size_t i = 0; cadena[i] !='\n'; i++){
                                        ^
exercises.c:111:4: error: expected declaration specifiers before 'return'
    return 0;
    ^~~~~~
exercises.c:112:1: error: expected declaration specifiers before '}' token
 }
 ^
In file included from test.c:6:0:
arraylist.c:6:1: error: empty declaration [-Werror]
 struct List {
 ^~~~~~
arraylist.c:12:14: error: storage class specified for parameter 'List'
 typedef List List;
              ^~~~
arraylist.c:14:1: error: expected declaration specifiers before 'List'
 List* create_list() {
 ^~~~
arraylist.c:21:13: error: expected declaration specifiers or '...' before 'List'
 void* first(List *L) {
             ^~~~
arraylist.c:29:12: error: expected declaration specifiers or '...' before 'List'
 void* next(List *L) {
            ^~~~
arraylist.c:37:16: error: expected declaration specifiers or '...' before 'List'
 void pushFront(List *L, void *dato) {
                ^~~~
arraylist.c:50:15: error: expected declaration specifiers or '...' before 'List'
 void pushBack(List *L, void *dato) {
               ^~~~
arraylist.c:55:18: error: expected declaration specifiers or '...' before 'List'
 void pushCurrent(List *L, void *dato) {
                  ^~~~
arraylist.c:68:16: error: expected declaration specifiers or '...' before 'List'
 void* popFront(List *L) {
                ^~~~
arraylist.c:80:15: error: expected declaration specifiers or '...' before 'List'
 void* popBack(List *L) {
               ^~~~
arraylist.c:89:18: error: expected declaration specifiers or '...' before 'List'
 void* popCurrent(List *L) {
                  ^~~~
arraylist.c:102:14: error: expected declaration specifiers or '...' before 'List'
 int get_size(List *L) {
              ^~~~
test.c:9:35: error: expected '=', ',', ';', 'asm' or '__attribute__' before '{' token
 char * _strdup2(const char * str) {
                                   ^
test.c:16:1: error: parameter 'test_id' is initialized
 int test_id = -1;
 ^~~
test.c:19:14: error: expected '=', ',', ';', 'asm' or '__attribute__' before '{' token
 int success(){
              ^
test.c:24:24: error: expected '=', ',', ';', 'asm' or '__attribute__' before '{' token
 void err_msg(char* msg){
                        ^
test.c:31:23: error: expected '=', ',', ';', 'asm' or '__attribute__' before '{' token
 void ok_msg(char* msg){
                       ^
test.c:37:25: error: expected '=', ',', ';', 'asm' or '__attribute__' before '{' token
 void info_msg(char* msg){
                         ^
test.c:42:75: error: expected '=', ',', ';', 'asm' or '__attribute__' before '{' token
 int test_suite(int(*test)(), char* msg, int max_score, int id, int req_id){
                                                                           ^
test.c:60:22: error: expected '=', ',', ';', 'asm' or '__attribute__' before '{' token
 int test_crea_lista(){
                      ^
test.c:84:22: error: expected '=', ',', ';', 'asm' or '__attribute__' before '{' token
 int test_suma_lista(){
                      ^
test.c:112:28: error: expected '=', ',', ';', 'asm' or '__attribute__' before '{' token
 int test_elimina_elemento(){
                            ^
test.c:158:22: error: expected '=', ',', ';', 'asm' or '__attribute__' before '{' token
 int test_copia_pila(){
                      ^
test.c:214:34: error: expected '=', ',', ';', 'asm' or '__attribute__' before '{' token
 int test_parentesis_balanceados(){
                                  ^
test.c:253:36: error: expected '=', ',', ';', 'asm' or '__attribute__' before '{' token
 int main( int argc, char *argv[] ) {
                                    ^
test.c:16:5: error: declaration for parameter 'test_id' but no such parameter
 int test_id = -1;
     ^~~~~~~
test.c:15:6: error: declaration for parameter 'msg' but no such parameter
 char msg[300];
      ^~~
In file included from test.c:6:0:
arraylist.c:12:14: error: parameter 'List' has incomplete type
 typedef List List;
              ^~~~
arraylist.c:12:14: error: declaration for parameter 'List' but no such parameter
test.c:271:1: error: expected '{' at end of input
 }
 ^
test.c:271:1: error: no return statement in function returning non-void [-Werror=return-type]
test.c: In function 'parentesisBalanceados':
test.c:271:1: error: expected declaration or statement at end of input
test.c:271:1: error: control reaches end of non-void function [-Werror=return-type]
 }
 ^
In file included from test.c:5:0:
At top level:
exercises.c:102:11: error: 'create_stack' defined but not used [-Werror=unused-function]
    Stack *create_stack()
           ^~~~~~~~~~~~
cc1.exe: all warnings being treated as errors
Compilation failed
3b32602
Sat, Mar 22, 2025 12:03:35 AM: 
 exercises.c | 11 ++++++++++-
 1 file changed, 10 insertions(+), 1 deletion(-)
In file included from test.c:5:0:
exercises.c: In function 'parentesisBalanceados':
exercises.c:117:7: error: expected expression before '}' token
       }
       ^
Compilation failed
7e8a164
Sat, Mar 22, 2025  5:40:28 PM: 
 exercises.c | 15 ++++++++-------
 1 file changed, 8 insertions(+), 7 deletions(-)
 tests:  2|3
total_score: 20/70
eeb822f
Sat, Mar 22, 2025  5:44:58 PM: 
 exercises.c | 2 +-
 1 file changed, 1 insertion(+), 1 deletion(-)
 tests:  2|3
total_score: 20/70
8d584be
Sat, Mar 22, 2025  5:46:44 PM: 
 exercises.c | 2 +-
 1 file changed, 1 insertion(+), 1 deletion(-)
In file included from test.c:6:0:
arraylist.c: In function 'create_list':
arraylist.c:15:34: error: invalid application of 'sizeof' to incomplete type 'List {aka struct List}'
   List* L = (List*)malloc(sizeof(List));
                                  ^~~~
arraylist.c:16:4: error: dereferencing pointer to incomplete type 'List {aka struct List}'
   L->current = 0;
    ^~
test.c: In function 'parentesisBalanceados':
test.c:253:5: error: 'main' is normally a non-static function [-Werror=main]
 int main( int argc, char *argv[] ) {
     ^~~~
test.c:271:1: error: expected declaration or statement at end of input
 }
 ^
test.c:271:1: error: control reaches end of non-void function [-Werror=return-type]
 }
 ^
In file included from test.c:6:0:
arraylist.c: In function 'first':
arraylist.c:27:1: error: control reaches end of non-void function [-Werror=return-type]
 }
 ^
At top level:
test.c:253:5: error: 'main' defined but not used [-Werror=unused-function]
 int main( int argc, char *argv[] ) {
     ^~~~
test.c:37:6: error: 'info_msg' defined but not used [-Werror=unused-function]
 void info_msg(char* msg){
      ^~~~~~~~
In file included from test.c:6:0:
arraylist.c:102:5: error: 'get_size' defined but not used [-Werror=unused-function]
 int get_size(List *L) {
     ^~~~~~~~
arraylist.c:89:7: error: 'popCurrent' defined but not used [-Werror=unused-function]
 void* popCurrent(List *L) {
       ^~~~~~~~~~
arraylist.c:80:7: error: 'popBack' defined but not used [-Werror=unused-function]
 void* popBack(List *L) {
       ^~~~~~~
arraylist.c:68:7: error: 'popFront' defined but not used [-Werror=unused-function]
 void* popFront(List *L) {
       ^~~~~~~~
arraylist.c:55:6: error: 'pushCurrent' defined but not used [-Werror=unused-function]
 void pushCurrent(List *L, void *dato) {
      ^~~~~~~~~~~
arraylist.c:37:6: error: 'pushFront' defined but not used [-Werror=unused-function]
 void pushFront(List *L, void *dato) {
      ^~~~~~~~~
cc1.exe: all warnings being treated as errors
Compilation failed
895c29a
